<?xml version="1.0" encoding="UTF-8"?>
<testsuite xmlns:xsi="http://www.w3.org/2001/XMLSchema-instance" xsi:noNamespaceSchemaLocation="https://maven.apache.org/surefire/maven-surefire-plugin/xsd/surefire-test-report.xsd" name="cucumberOptions.TestRunner" time="3.844" tests="77" errors="0" skipped="0" failures="0">
  <properties>
    <property name="java.specification.version" value="17"/>
    <property name="sun.cpu.isalist" value="amd64"/>
    <property name="sun.jnu.encoding" value="Cp1252"/>
    <property name="java.class.path" value="D:\Eclipse_Workspace\Automation\target\test-classes;D:\Eclipse_Workspace\Automation\target\classes;C:\Users\DELL\.m2\repository\io\cucumber\cucumber-java\6.10.4\cucumber-java-6.10.4.jar;C:\Users\DELL\.m2\repository\io\cucumber\cucumber-core\6.10.4\cucumber-core-6.10.4.jar;C:\Users\DELL\.m2\repository\io\cucumber\cucumber-gherkin\6.10.4\cucumber-gherkin-6.10.4.jar;C:\Users\DELL\.m2\repository\io\cucumber\cucumber-gherkin-messages\6.10.4\cucumber-gherkin-messages-6.10.4.jar;C:\Users\DELL\.m2\repository\io\cucumber\messages\15.0.0\messages-15.0.0.jar;C:\Users\DELL\.m2\repository\io\cucumber\tag-expressions\3.0.1\tag-expressions-3.0.1.jar;C:\Users\DELL\.m2\repository\io\cucumber\cucumber-expressions\10.3.0\cucumber-expressions-10.3.0.jar;C:\Users\DELL\.m2\repository\io\cucumber\datatable\3.5.0\datatable-3.5.0.jar;C:\Users\DELL\.m2\repository\io\cucumber\cucumber-plugin\6.10.4\cucumber-plugin-6.10.4.jar;C:\Users\DELL\.m2\repository\io\cucumber\docstring\6.10.4\docstring-6.10.4.jar;C:\Users\DELL\.m2\repository\io\cucumber\html-formatter\13.0.0\html-formatter-13.0.0.jar;C:\Users\DELL\.m2\repository\io\cucumber\create-meta\4.0.0\create-meta-4.0.0.jar;C:\Users\DELL\.m2\repository\org\apiguardian\apiguardian-api\1.1.1\apiguardian-api-1.1.1.jar;C:\Users\DELL\.m2\repository\io\cucumber\cucumber-junit\6.10.4\cucumber-junit-6.10.4.jar;C:\Users\DELL\.m2\repository\junit\junit\4.11\junit-4.11.jar;C:\Users\DELL\.m2\repository\org\hamcrest\hamcrest-core\1.3\hamcrest-core-1.3.jar;"/>
    <property name="java.vm.vendor" value="Oracle Corporation"/>
    <property name="sun.arch.data.model" value="64"/>
    <property name="user.variant" value=""/>
    <property name="java.vendor.url" value="https://java.oracle.com/"/>
    <property name="user.timezone" value="Asia/Calcutta"/>
    <property name="os.name" value="Windows 10"/>
    <property name="java.vm.specification.version" value="17"/>
    <property name="sun.java.launcher" value="SUN_STANDARD"/>
    <property name="user.country" value="IN"/>
    <property name="sun.boot.library.path" value="C:\Program Files\Java\jdk-17.0.1\bin"/>
    <property name="sun.java.command" value="C:\Users\DELL\AppData\Local\Temp\surefire9631634591550399921\surefirebooter12469317113200595643.jar C:\Users\DELL\AppData\Local\Temp\surefire9631634591550399921 2021-10-26T13-47-44_363-jvmRun1 surefire11722038662786302091tmp surefire_013325867064097255375tmp"/>
    <property name="jdk.debug" value="release"/>
    <property name="surefire.test.class.path" value="D:\Eclipse_Workspace\Automation\target\test-classes;D:\Eclipse_Workspace\Automation\target\classes;C:\Users\DELL\.m2\repository\io\cucumber\cucumber-java\6.10.4\cucumber-java-6.10.4.jar;C:\Users\DELL\.m2\repository\io\cucumber\cucumber-core\6.10.4\cucumber-core-6.10.4.jar;C:\Users\DELL\.m2\repository\io\cucumber\cucumber-gherkin\6.10.4\cucumber-gherkin-6.10.4.jar;C:\Users\DELL\.m2\repository\io\cucumber\cucumber-gherkin-messages\6.10.4\cucumber-gherkin-messages-6.10.4.jar;C:\Users\DELL\.m2\repository\io\cucumber\messages\15.0.0\messages-15.0.0.jar;C:\Users\DELL\.m2\repository\io\cucumber\tag-expressions\3.0.1\tag-expressions-3.0.1.jar;C:\Users\DELL\.m2\repository\io\cucumber\cucumber-expressions\10.3.0\cucumber-expressions-10.3.0.jar;C:\Users\DELL\.m2\repository\io\cucumber\datatable\3.5.0\datatable-3.5.0.jar;C:\Users\DELL\.m2\repository\io\cucumber\cucumber-plugin\6.10.4\cucumber-plugin-6.10.4.jar;C:\Users\DELL\.m2\repository\io\cucumber\docstring\6.10.4\docstring-6.10.4.jar;C:\Users\DELL\.m2\repository\io\cucumber\html-formatter\13.0.0\html-formatter-13.0.0.jar;C:\Users\DELL\.m2\repository\io\cucumber\create-meta\4.0.0\create-meta-4.0.0.jar;C:\Users\DELL\.m2\repository\org\apiguardian\apiguardian-api\1.1.1\apiguardian-api-1.1.1.jar;C:\Users\DELL\.m2\repository\io\cucumber\cucumber-junit\6.10.4\cucumber-junit-6.10.4.jar;C:\Users\DELL\.m2\repository\junit\junit\4.11\junit-4.11.jar;C:\Users\DELL\.m2\repository\org\hamcrest\hamcrest-core\1.3\hamcrest-core-1.3.jar;"/>
    <property name="sun.cpu.endian" value="little"/>
    <property name="user.home" value="C:\Users\DELL"/>
    <property name="user.language" value="en"/>
    <property name="java.specification.vendor" value="Oracle Corporation"/>
    <property name="java.version.date" value="2021-10-19"/>
    <property name="java.home" value="C:\Program Files\Java\jdk-17.0.1"/>
    <property name="file.separator" value="\"/>
    <property name="basedir" value="D:\Eclipse_Workspace\Automation"/>
    <property name="java.vm.compressedOopsMode" value="32-bit"/>
    <property name="line.separator" value="&#10;"/>
    <property name="java.vm.specification.vendor" value="Oracle Corporation"/>
    <property name="java.specification.name" value="Java Platform API Specification"/>
    <property name="surefire.real.class.path" value="C:\Users\DELL\AppData\Local\Temp\surefire9631634591550399921\surefirebooter12469317113200595643.jar"/>
    <property name="user.script" value=""/>
    <property name="sun.management.compiler" value="HotSpot 64-Bit Tiered Compilers"/>
    <property name="java.runtime.version" value="17.0.1+12-LTS-39"/>
    <property name="user.name" value="DELL"/>
    <property name="path.separator" value=";"/>
    <property name="os.version" value="10.0"/>
    <property name="java.runtime.name" value="Java(TM) SE Runtime Environment"/>
    <property name="file.encoding" value="Cp1252"/>
    <property name="java.vm.name" value="Java HotSpot(TM) 64-Bit Server VM"/>
    <property name="localRepository" value="C:\Users\DELL\.m2\repository"/>
    <property name="java.vendor.url.bug" value="https://bugreport.java.com/bugreport/"/>
    <property name="java.io.tmpdir" value="C:\Users\DELL\AppData\Local\Temp\"/>
    <property name="java.version" value="17.0.1"/>
    <property name="user.dir" value="D:\Eclipse_Workspace\Automation"/>
    <property name="os.arch" value="amd64"/>
    <property name="java.vm.specification.name" value="Java Virtual Machine Specification"/>
    <property name="sun.os.patch.level" value=""/>
    <property name="native.encoding" value="Cp1252"/>
    <property name="java.library.path" value="C:\Program Files\Java\jdk-17.0.1\bin;C:\WINDOWS\Sun\Java\bin;C:\WINDOWS\system32;C:\WINDOWS;C:\Program Files\Common Files\Oracle\Java\javapath;C:\WINDOWS\system32;C:\WINDOWS;C:\WINDOWS\system32\Wbem;C:\Program Files (x86)\AMD APP\bin\x86_64;C:\Program Files (x86)\AMD APP\bin\x86;C:\Program Files (x86)\Intel\iCLS Client\;C:\Program Files\Intel\iCLS Client\;C:\WINDOWS\System32\WindowsPowerShell\v1.0\;C:\Program Files\Intel\Intel(R) Management Engine Components\DAL;C:\Program Files\Intel\Intel(R) Management Engine Components\IPT;C:\Program Files (x86)\Intel\Intel(R) Management Engine Components\DAL;C:\Program Files (x86)\Intel\Intel(R) Management Engine Components\IPT;C:\Program Files (x86)\Intel\OpenCL SDK\2.0\bin\x86;C:\Program Files (x86)\Intel\OpenCL SDK\2.0\bin\x64;C:\Program Files (x86)\ATI Technologies\ATI.ACE\Core-Static;c:\Program Files (x86)\Microsoft SQL Server\100\Tools\Binn\VSShell\Common7\IDE\;c:\Program Files (x86)\Microsoft SQL Server\100\Tools\Binn\;c:\Program Files\Microsoft SQL Server\100\Tools\Binn\;c:\Program Files (x86)\Microsoft SQL Server\100\DTS\Binn\;C:\Program Files\Microsoft\Web Platform Installer\;C:\Program Files\Microsoft SQL Server\110\Tools\Binn\;C:\Program Files (x86)\Microsoft SQL Server\Client SDK\ODBC\110\Tools\Binn\;C:\Program Files (x86)\Microsoft SQL Server\120\Tools\Binn\;C:\Program Files (x86)\Microsoft SQL Server\120\DTS\Binn\;C:\Program Files (x86)\Microsoft SQL Server\120\Tools\Binn\ManagementStudio\;C:\Program Files (x86)\Microsoft ASP.NET\ASP.NET Web Pages\v1.0\;C:\Program Files\Microsoft SQL Server\120\Tools\Binn\;C:\Users\DELL\.dnx\bin;C:\Program Files\Microsoft DNX\Dnvm\;C:\Program Files (x86)\Windows Kits\10\Windows Performance Toolkit\;C:\Program Files\nodejs\;C:\ProgramData\chocolatey\bin;C:\Program Files (x86)\Brackets\command;C:\Android;C:\Windows\System32;C:\WINDOWS\System32\Wbem;C:\WINDOWS\System32\OpenSSH\;C:\Program Files\Docker\Docker\resources\bin;C:\ProgramData\DockerDesktop\version-bin;C:\Program Files\Java\jdk-17.0.1\bin;C:\mvn\apache-maven-3.8.3-bin\apache-maven-3.8.3\bin;C:\Users\DELL\.dnx\bin;C:\Users\DELL\AppData\Roaming\npm;C:\Users\DELL\AppData\Local\Programs\Microsoft VS Code\bin;C:\Users\DELL\AppData\Local\Microsoft\WindowsApps;;."/>
    <property name="java.vm.info" value="mixed mode, sharing"/>
    <property name="java.vendor" value="Oracle Corporation"/>
    <property name="java.vm.version" value="17.0.1+12-LTS-39"/>
    <property name="sun.io.unicode.encoding" value="UnicodeLittle"/>
    <property name="java.class.version" value="61.0"/>
  </properties>
  <testcase name="User is on Netbanking landing page" classname="Home Page default Login" time="0.007"/>
  <testcase name="User login into application with &quot;john&quot; and password &quot;1234&quot;" classname="Home Page default Login" time="0.002"/>
  <testcase name="Home page is populated" classname="Home Page default Login" time="0.001"/>
  <testcase name="Cards displayed are &quot;true&quot;" classname="Home Page default Login" time="0.001"/>
  <testcase name="Home Page default Login" classname="Home Page default Login" time="0.015"/>
  <testcase name="The browser is installed" classname="Home Page default Login #1" time="0.001"/>
  <testcase name="The portal is triggered" classname="Home Page default Login #1" time="0.003"/>
  <testcase name="Portal shows" classname="Home Page default Login #1" time="0.002"/>
  <testcase name="User is on Netbanking landing page" classname="Home Page default Login #1" time="0.005"/>
  <testcase name="User login into application with &quot;john&quot; and password &quot;1234&quot;" classname="Home Page default Login #1" time="0.004"/>
  <testcase name="Home page is populated" classname="Home Page default Login #1" time="0.002"/>
  <testcase name="Cards displayed are &quot;true&quot;" classname="Home Page default Login #1" time="0.004"/>
  <testcase name="Home Page default Login #1" classname="Home Page default Login #1" time="0.005"/>
  <testcase name="The browser is installed" classname="Home Page default Login #2" time="0.003"/>
  <testcase name="The portal is triggered" classname="Home Page default Login #2" time="0.002"/>
  <testcase name="Portal shows" classname="Home Page default Login #2" time="0.004"/>
  <testcase name="User is on Netbanking landing page" classname="Home Page default Login #2" time="0.004"/>
  <testcase name="User login into application with &quot;jim&quot; and password &quot;12345&quot;" classname="Home Page default Login #2" time="0.003"/>
  <testcase name="Home page is populated" classname="Home Page default Login #2" time="0.001"/>
  <testcase name="Cards displayed are &quot;false&quot;" classname="Home Page default Login #2" time="0.003"/>
  <testcase name="Home Page default Login #2" classname="Home Page default Login #2" time="0.024"/>
  <testcase name="The browser is installed" classname="Home Page default Login #3" time="0.001"/>
  <testcase name="The portal is triggered" classname="Home Page default Login #3" time="0.002"/>
  <testcase name="Portal shows" classname="Home Page default Login #3" time="0.001"/>
  <testcase name="User is on Netbanking landing page" classname="Home Page default Login #3" time="0.002"/>
  <testcase name="User signup with following details" classname="Home Page default Login #3" time="0.05"/>
  <testcase name="Home page is populated" classname="Home Page default Login #3" time="0"/>
  <testcase name="Cards displayed are &quot;false&quot;" classname="Home Page default Login #3" time="0.002"/>
  <testcase name="Home Page default Login #3" classname="Home Page default Login #3" time="0.004"/>
  <testcase name="The browser is installed" classname="Home Page default Login #4" time="0.004"/>
  <testcase name="The portal is triggered" classname="Home Page default Login #4" time="0.003"/>
  <testcase name="Portal shows" classname="Home Page default Login #4" time="0.001"/>
  <testcase name="User is on Netbanking landing page" classname="Home Page default Login #4" time="0.002"/>
  <testcase name="User login in to application with user1 and password pass1" classname="Home Page default Login #4" time="0.003"/>
  <testcase name="Home page is populated" classname="Home Page default Login #4" time="0.001"/>
  <testcase name="Cards displayed are &quot;true&quot;" classname="Home Page default Login #4" time="0.002"/>
  <testcase name="Home Page default Login #4" classname="Home Page default Login #4" time="0.003"/>
  <testcase name="The browser is installed" classname="Home Page default Login #5" time="0.002"/>
  <testcase name="The portal is triggered" classname="Home Page default Login #5" time="0.003"/>
  <testcase name="Portal shows" classname="Home Page default Login #5" time="0.001"/>
  <testcase name="User is on Netbanking landing page" classname="Home Page default Login #5" time="0.002"/>
  <testcase name="User login in to application with user2 and password pass2" classname="Home Page default Login #5" time="0.002"/>
  <testcase name="Home page is populated" classname="Home Page default Login #5" time="0.002"/>
  <testcase name="Cards displayed are &quot;true&quot;" classname="Home Page default Login #5" time="0.001"/>
  <testcase name="Home Page default Login #5" classname="Home Page default Login #5" time="0.002"/>
  <testcase name="The browser is installed" classname="Home Page default Login #6" time="0.002"/>
  <testcase name="The portal is triggered" classname="Home Page default Login #6" time="0.003"/>
  <testcase name="Portal shows" classname="Home Page default Login #6" time="0.001"/>
  <testcase name="User is on Netbanking landing page" classname="Home Page default Login #6" time="0"/>
  <testcase name="User login in to application with user3 and password pass3" classname="Home Page default Login #6" time="0.001"/>
  <testcase name="Home page is populated" classname="Home Page default Login #6" time="0.004"/>
  <testcase name="Cards displayed are &quot;true&quot;" classname="Home Page default Login #6" time="0.001"/>
  <testcase name="Home Page default Login #6" classname="Home Page default Login #6" time="0.007"/>
  <testcase name="The browser is installed" classname="Home Page default Login #7" time="0.002"/>
  <testcase name="The portal is triggered" classname="Home Page default Login #7" time="0.003"/>
  <testcase name="Portal shows" classname="Home Page default Login #7" time="0.015"/>
  <testcase name="User is on Netbanking landing page" classname="Home Page default Login #7" time="0.002"/>
  <testcase name="User login in to application with user4 and password pass4" classname="Home Page default Login #7" time="0.009"/>
  <testcase name="Home page is populated" classname="Home Page default Login #7" time="0.003"/>
  <testcase name="Cards displayed are &quot;true&quot;" classname="Home Page default Login #7" time="0.001"/>
  <testcase name="Home Page default Login #7" classname="Home Page default Login #7" time="0.002"/>
  <testcase name="The browser is installed" classname="Home Page default Login #8" time="0.021"/>
  <testcase name="The portal is triggered" classname="Home Page default Login #8" time="0.001"/>
  <testcase name="Portal shows" classname="Home Page default Login #8" time="0.001"/>
  <testcase name="User is on Netbanking landing page" classname="Home Page default Login #8" time="0.001"/>
  <testcase name="User login in to application with user5 and password pass5" classname="Home Page default Login #8" time="0.001"/>
  <testcase name="Home page is populated" classname="Home Page default Login #8" time="0.001"/>
  <testcase name="Cards displayed are &quot;true&quot;" classname="Home Page default Login #8" time="0.003"/>
  <testcase name="Home Page default Login #8" classname="Home Page default Login #8" time="0.004"/>
  <testcase name="The browser is installed" classname="Home Page default Login #9" time="0.001"/>
  <testcase name="The portal is triggered" classname="Home Page default Login #9" time="0"/>
  <testcase name="Portal shows" classname="Home Page default Login #9" time="0.001"/>
  <testcase name="User is on Netbanking landing page" classname="Home Page default Login #9" time="0.001"/>
  <testcase name="User login in to application with user6 and password pass6" classname="Home Page default Login #9" time="0"/>
  <testcase name="Home page is populated" classname="Home Page default Login #9" time="0.004"/>
  <testcase name="Cards displayed are &quot;true&quot;" classname="Home Page default Login #9" time="0.002"/>
  <testcase name="Home Page default Login #9" classname="Home Page default Login #9" time="0.004"/>
</testsuite>