<?xml version="1.0" encoding="UTF-8"?>
<!-- Generated by org.testng.reporters.JUnitReportReporter -->
<testsuite hostname="DELL-PC" failures="0" tests="1" name="cucumberOptions.TestNgTestRunner" time="0.317" errors="0" timestamp="2021-10-24T06:33:40 IST" skipped="0">
  <testcase classname="cucumberOptions.TestNgTestRunner" name="runScenario" time="0.317"/>
  <system-out/>
</testsuite> <!-- cucumberOptions.TestNgTestRunner -->
